18-Feb-2018 20:38:48.371 INFO [main] org.apache.catalina.startup.VersionLoggerListener.log Server version:        Apache Tomcat/8.0.47
18-Feb-2018 20:38:48.875 INFO [main] org.apache.catalina.startup.VersionLoggerListener.log Server built:          Sep 29 2017 13:46:41 UTC
18-Feb-2018 20:38:48.875 INFO [main] org.apache.catalina.startup.VersionLoggerListener.log Server number:         8.0.47.0
18-Feb-2018 20:38:48.876 INFO [main] org.apache.catalina.startup.VersionLoggerListener.log OS Name:               Windows 7
18-Feb-2018 20:38:48.876 INFO [main] org.apache.catalina.startup.VersionLoggerListener.log OS Version:            6.1
18-Feb-2018 20:38:48.876 INFO [main] org.apache.catalina.startup.VersionLoggerListener.log Architecture:          amd64
18-Feb-2018 20:38:48.877 INFO [main] org.apache.catalina.startup.VersionLoggerListener.log Java Home:             C:\Progra~1\Java\jdk1.8.0_144\jre
18-Feb-2018 20:38:48.877 INFO [main] org.apache.catalina.startup.VersionLoggerListener.log JVM Version:           1.8.0_144-b01
18-Feb-2018 20:38:48.877 INFO [main] org.apache.catalina.startup.VersionLoggerListener.log JVM Vendor:            Oracle Corporation
18-Feb-2018 20:38:48.877 INFO [main] org.apache.catalina.startup.VersionLoggerListener.log CATALINA_BASE:         C:\Users\s124182\Downloads\camunda-bpm-tomcat-7.8.0\server\apache-tomcat-8.0.47
18-Feb-2018 20:38:48.878 INFO [main] org.apache.catalina.startup.VersionLoggerListener.log CATALINA_HOME:         C:\Users\s124182\Downloads\camunda-bpm-tomcat-7.8.0\server\apache-tomcat-8.0.47
18-Feb-2018 20:38:48.879 INFO [main] org.apache.catalina.startup.VersionLoggerListener.log Command line argument: -Djava.util.logging.config.file=C:\Users\s124182\Downloads\camunda-bpm-tomcat-7.8.0\server\apache-tomcat-8.0.47\conf\logging.properties
18-Feb-2018 20:38:48.879 INFO [main] org.apache.catalina.startup.VersionLoggerListener.log Command line argument: -Djava.util.logging.manager=org.apache.juli.ClassLoaderLogManager
18-Feb-2018 20:38:48.880 INFO [main] org.apache.catalina.startup.VersionLoggerListener.log Command line argument: -Djdk.tls.ephemeralDHKeySize=2048
18-Feb-2018 20:38:48.880 INFO [main] org.apache.catalina.startup.VersionLoggerListener.log Command line argument: -Djava.protocol.handler.pkgs=org.apache.catalina.webresources
18-Feb-2018 20:38:48.881 INFO [main] org.apache.catalina.startup.VersionLoggerListener.log Command line argument: -Xmx512m
18-Feb-2018 20:38:48.881 INFO [main] org.apache.catalina.startup.VersionLoggerListener.log Command line argument: -XX:MaxPermSize=256m
18-Feb-2018 20:38:48.882 INFO [main] org.apache.catalina.startup.VersionLoggerListener.log Command line argument: -XX:PermSize=256m
18-Feb-2018 20:38:48.884 INFO [main] org.apache.catalina.startup.VersionLoggerListener.log Command line argument: -Djava.endorsed.dirs=C:\Users\s124182\Downloads\camunda-bpm-tomcat-7.8.0\server\apache-tomcat-8.0.47\endorsed
18-Feb-2018 20:38:48.884 INFO [main] org.apache.catalina.startup.VersionLoggerListener.log Command line argument: -Dcatalina.base=C:\Users\s124182\Downloads\camunda-bpm-tomcat-7.8.0\server\apache-tomcat-8.0.47
18-Feb-2018 20:38:48.885 INFO [main] org.apache.catalina.startup.VersionLoggerListener.log Command line argument: -Dcatalina.home=C:\Users\s124182\Downloads\camunda-bpm-tomcat-7.8.0\server\apache-tomcat-8.0.47
18-Feb-2018 20:38:48.886 INFO [main] org.apache.catalina.startup.VersionLoggerListener.log Command line argument: -Djava.io.tmpdir=C:\Users\s124182\Downloads\camunda-bpm-tomcat-7.8.0\server\apache-tomcat-8.0.47\temp
18-Feb-2018 20:38:48.886 INFO [main] org.apache.catalina.core.AprLifecycleListener.lifecycleEvent The APR based Apache Tomcat Native library which allows optimal performance in production environments was not found on the java.library.path: C:\Progra~1\Java\jdk1.8.0_144\bin;C:\windows\Sun\Java\bin;C:\windows\system32;C:\windows;C:\ProgramData\Oracle\Java\javapath;C:\windows\system32;C:\windows;C:\windows\System32\Wbem;C:\windows\System32\WindowsPowerShell\v1.0\;C:\Program Files (x86)\ATI Technologies\ATI.ACE\Core-Static;C:\Program Files (x86)\Skype\Phone\;C:\Program Files (x86)\Microsoft SQL Server\Client SDK\ODBC\130\Tools\Binn\;C:\Program Files (x86)\Microsoft SQL Server\140\Tools\Binn\;C:\Program Files (x86)\Microsoft SQL Server\140\DTS\Binn\;C:\Program Files (x86)\Microsoft SQL Server\140\Tools\Binn\ManagementStudio\;C:\Program Files\nodejs\;C:\Program Files\Git\cmd;;C:\Program Files\Microsoft VS Code\bin;C:\Users\s124182\AppData\Roaming\npm;.
18-Feb-2018 20:38:51.921 INFO [main] org.apache.coyote.AbstractProtocol.init Initializing ProtocolHandler ["http-nio-8080"]
18-Feb-2018 20:38:52.727 INFO [main] org.apache.tomcat.util.net.NioSelectorPool.getSharedSelector Using a shared selector for servlet write/read
18-Feb-2018 20:38:52.730 INFO [main] org.apache.coyote.AbstractProtocol.init Initializing ProtocolHandler ["ajp-nio-8009"]
18-Feb-2018 20:38:52.733 INFO [main] org.apache.tomcat.util.net.NioSelectorPool.getSharedSelector Using a shared selector for servlet write/read
18-Feb-2018 20:38:52.733 INFO [main] org.apache.catalina.startup.Catalina.load Initialization processed in 5605 ms
18-Feb-2018 20:38:53.385 INFO [main] org.camunda.commons.logging.BaseLogger.logInfo ENGINE-08046 Found camunda bpm platform configuration in CATALINA_BASE/CATALINA_HOME conf directory [C:\Users\s124182\Downloads\camunda-bpm-tomcat-7.8.0\server\apache-tomcat-8.0.47\conf\bpm-platform.xml] at 'file:/C:/Users/s124182/Downloads/camunda-bpm-tomcat-7.8.0/server/apache-tomcat-8.0.47/conf/bpm-platform.xml'
18-Feb-2018 20:38:54.093 INFO [main] org.camunda.commons.logging.BaseLogger.logInfo ENGINE-12003 Plugin 'ProcessApplicationEventListenerPlugin' activated on process engine 'default'
18-Feb-2018 20:38:54.101 INFO [main] org.camunda.commons.logging.BaseLogger.logInfo ENGINE-12003 Plugin 'SpinProcessEnginePlugin' activated on process engine 'default'
18-Feb-2018 20:38:54.106 INFO [main] org.camunda.commons.logging.BaseLogger.logInfo SPIN-01010 Discovered Spin data format provider: org.camunda.spin.impl.json.jackson.format.JacksonJsonDataFormatProvider[name = application/json]
18-Feb-2018 20:38:54.402 INFO [main] org.camunda.commons.logging.BaseLogger.logInfo SPIN-01010 Discovered Spin data format provider: org.camunda.spin.impl.xml.dom.format.DomXmlDataFormatProvider[name = application/xml]
18-Feb-2018 20:38:54.552 INFO [main] org.camunda.commons.logging.BaseLogger.logInfo SPIN-01009 Discovered Spin data format: org.camunda.spin.impl.xml.dom.format.DomXmlDataFormat[name = application/xml]
18-Feb-2018 20:38:54.553 INFO [main] org.camunda.commons.logging.BaseLogger.logInfo SPIN-01009 Discovered Spin data format: org.camunda.spin.impl.json.jackson.format.JacksonJsonDataFormat[name = application/json]
18-Feb-2018 20:38:54.554 INFO [main] org.camunda.commons.logging.BaseLogger.logInfo ENGINE-12003 Plugin 'ConnectProcessEnginePlugin' activated on process engine 'default'
18-Feb-2018 20:38:55.185 INFO [main] org.camunda.commons.logging.BaseLogger.logInfo CNCT-01004 Discovered provider for connector id 'http-connector' and class 'org.camunda.connect.httpclient.impl.HttpConnectorImpl': 'org.camunda.connect.httpclient.impl.HttpConnectorProviderImpl'
18-Feb-2018 20:38:55.189 INFO [main] org.camunda.commons.logging.BaseLogger.logInfo CNCT-01004 Discovered provider for connector id 'soap-http-connector' and class 'org.camunda.connect.httpclient.soap.impl.SoapHttpConnectorImpl': 'org.camunda.connect.httpclient.soap.impl.SoapHttpConnectorProviderImpl'
18-Feb-2018 20:38:59.003 INFO [main] org.camunda.commons.logging.BaseLogger.logInfo ENGINE-03016 Performing database operation 'create' on component 'engine' with resource 'org/camunda/bpm/engine/db/create/activiti.h2.create.engine.sql'
18-Feb-2018 20:38:59.035 INFO [main] org.camunda.commons.logging.BaseLogger.logInfo ENGINE-03016 Performing database operation 'create' on component 'history' with resource 'org/camunda/bpm/engine/db/create/activiti.h2.create.history.sql'
18-Feb-2018 20:38:59.050 INFO [main] org.camunda.commons.logging.BaseLogger.logInfo ENGINE-03016 Performing database operation 'create' on component 'identity' with resource 'org/camunda/bpm/engine/db/create/activiti.h2.create.identity.sql'
18-Feb-2018 20:38:59.064 INFO [main] org.camunda.commons.logging.BaseLogger.logInfo ENGINE-03016 Performing database operation 'create' on component 'case.engine' with resource 'org/camunda/bpm/engine/db/create/activiti.h2.create.case.engine.sql'
18-Feb-2018 20:38:59.070 INFO [main] org.camunda.commons.logging.BaseLogger.logInfo ENGINE-03016 Performing database operation 'create' on component 'case.history' with resource 'org/camunda/bpm/engine/db/create/activiti.h2.create.case.history.sql'
18-Feb-2018 20:38:59.079 INFO [main] org.camunda.commons.logging.BaseLogger.logInfo ENGINE-03016 Performing database operation 'create' on component 'decision.engine' with resource 'org/camunda/bpm/engine/db/create/activiti.h2.create.decision.engine.sql'
18-Feb-2018 20:38:59.087 INFO [main] org.camunda.commons.logging.BaseLogger.logInfo ENGINE-03016 Performing database operation 'create' on component 'decision.history' with resource 'org/camunda/bpm/engine/db/create/activiti.h2.create.decision.history.sql'
18-Feb-2018 20:38:59.205 INFO [main] org.camunda.commons.logging.BaseLogger.logInfo ENGINE-03067 No history level property found in database
18-Feb-2018 20:38:59.216 INFO [main] org.camunda.commons.logging.BaseLogger.logInfo ENGINE-03065 Creating historyLevel property in database for level: HistoryLevelFull(name=full, id=3)
18-Feb-2018 20:38:59.217 INFO [main] org.camunda.commons.logging.BaseLogger.logInfo ENGINE-00001 Process Engine default created.
18-Feb-2018 20:38:59.219 INFO [main] org.camunda.commons.logging.BaseLogger.logInfo ENGINE-14014 Starting up the JobExecutor[org.camunda.bpm.engine.impl.jobexecutor.RuntimeContainerJobExecutor].
18-Feb-2018 20:38:59.221 INFO [Thread-6] org.camunda.commons.logging.BaseLogger.logInfo ENGINE-14018 JobExecutor[org.camunda.bpm.engine.impl.jobexecutor.RuntimeContainerJobExecutor] starting to acquire jobs
18-Feb-2018 20:38:59.362 INFO [main] org.camunda.commons.logging.BaseLogger.logInfo ENGINE-08048 Camunda BPM platform sucessfully started at 'Apache Tomcat/8.0.47'.
18-Feb-2018 20:38:59.378 WARNING [pool-2-thread-1] org.camunda.commons.logging.BaseLogger.logWarn ENGINE-14006 Exception while executing job 5d61277b-14e3-11e8-93ff-b4b52f30bdbf: 
 org.camunda.bpm.engine.OptimisticLockingException: ENGINE-03005 Execution of 'UPDATE EverLivingJobEntity[5d61277b-14e3-11e8-93ff-b4b52f30bdbf]' failed. Entity was updated by another transaction concurrently.
	at org.camunda.bpm.engine.impl.db.EnginePersistenceLogger.concurrentUpdateDbEntityException(EnginePersistenceLogger.java:130)
	at org.camunda.bpm.engine.impl.db.entitymanager.DbEntityManager.handleOptimisticLockingException(DbEntityManager.java:406)
	at org.camunda.bpm.engine.impl.db.entitymanager.DbEntityManager.checkFlushResults(DbEntityManager.java:365)
	at org.camunda.bpm.engine.impl.db.entitymanager.DbEntityManager.flushDbOperations(DbEntityManager.java:345)
	at org.camunda.bpm.engine.impl.db.entitymanager.DbEntityManager.flushDbOperationManager(DbEntityManager.java:314)
	at org.camunda.bpm.engine.impl.db.entitymanager.DbEntityManager.flush(DbEntityManager.java:286)
	at org.camunda.bpm.engine.impl.interceptor.CommandContext.flushSessions(CommandContext.java:203)
	at org.camunda.bpm.engine.impl.interceptor.CommandContext.close(CommandContext.java:132)
	at org.camunda.bpm.engine.impl.interceptor.CommandContextInterceptor.execute(CommandContextInterceptor.java:113)
	at org.camunda.bpm.engine.impl.interceptor.ProcessApplicationContextInterceptor.execute(ProcessApplicationContextInterceptor.java:66)
	at org.camunda.bpm.engine.impl.interceptor.LogInterceptor.execute(LogInterceptor.java:30)
	at org.camunda.bpm.engine.impl.jobexecutor.ExecuteJobHelper.executeJob(ExecuteJobHelper.java:36)
	at org.camunda.bpm.engine.impl.jobexecutor.ExecuteJobHelper.executeJob(ExecuteJobHelper.java:29)
	at org.camunda.bpm.engine.impl.jobexecutor.ExecuteJobsRunnable.executeJob(ExecuteJobsRunnable.java:88)
	at org.camunda.bpm.engine.impl.jobexecutor.ExecuteJobsRunnable.run(ExecuteJobsRunnable.java:57)
	at java.util.concurrent.ThreadPoolExecutor.runWorker(ThreadPoolExecutor.java:1149)
	at java.util.concurrent.ThreadPoolExecutor$Worker.run(ThreadPoolExecutor.java:624)
	at java.lang.Thread.run(Thread.java:748)

18-Feb-2018 20:38:59.408 INFO [main] org.apache.catalina.core.StandardService.startInternal Starting service Catalina
18-Feb-2018 20:38:59.409 INFO [main] org.apache.catalina.core.StandardEngine.startInternal Starting Servlet Engine: Apache Tomcat/8.0.47
18-Feb-2018 20:38:59.419 WARNING [pool-2-thread-1] org.camunda.commons.logging.BaseLogger.logWarn ENGINE-14006 Exception while executing job 5d61277b-14e3-11e8-93ff-b4b52f30bdbf: 
 org.camunda.bpm.engine.OptimisticLockingException: ENGINE-03005 Execution of 'UPDATE EverLivingJobEntity[5d61277b-14e3-11e8-93ff-b4b52f30bdbf]' failed. Entity was updated by another transaction concurrently.
	at org.camunda.bpm.engine.impl.db.EnginePersistenceLogger.concurrentUpdateDbEntityException(EnginePersistenceLogger.java:130)
	at org.camunda.bpm.engine.impl.db.entitymanager.DbEntityManager.handleOptimisticLockingException(DbEntityManager.java:406)
	at org.camunda.bpm.engine.impl.db.entitymanager.DbEntityManager.checkFlushResults(DbEntityManager.java:365)
	at org.camunda.bpm.engine.impl.db.entitymanager.DbEntityManager.flushDbOperations(DbEntityManager.java:345)
	at org.camunda.bpm.engine.impl.db.entitymanager.DbEntityManager.flushDbOperationManager(DbEntityManager.java:314)
	at org.camunda.bpm.engine.impl.db.entitymanager.DbEntityManager.flush(DbEntityManager.java:286)
	at org.camunda.bpm.engine.impl.interceptor.CommandContext.flushSessions(CommandContext.java:203)
	at org.camunda.bpm.engine.impl.interceptor.CommandContext.close(CommandContext.java:132)
	at org.camunda.bpm.engine.impl.interceptor.CommandContextInterceptor.execute(CommandContextInterceptor.java:113)
	at org.camunda.bpm.engine.impl.interceptor.ProcessApplicationContextInterceptor.execute(ProcessApplicationContextInterceptor.java:66)
	at org.camunda.bpm.engine.impl.interceptor.LogInterceptor.execute(LogInterceptor.java:30)
	at org.camunda.bpm.engine.impl.jobexecutor.ExecuteJobHelper.executeJob(ExecuteJobHelper.java:36)
	at org.camunda.bpm.engine.impl.jobexecutor.ExecuteJobHelper.executeJob(ExecuteJobHelper.java:29)
	at org.camunda.bpm.engine.impl.jobexecutor.ExecuteJobsRunnable.executeJob(ExecuteJobsRunnable.java:88)
	at org.camunda.bpm.engine.impl.jobexecutor.ExecuteJobsRunnable.run(ExecuteJobsRunnable.java:57)
	at java.util.concurrent.ThreadPoolExecutor.runWorker(ThreadPoolExecutor.java:1149)
	at java.util.concurrent.ThreadPoolExecutor$Worker.run(ThreadPoolExecutor.java:624)
	at java.lang.Thread.run(Thread.java:748)

18-Feb-2018 20:38:59.444 INFO [localhost-startStop-1] org.apache.catalina.startup.HostConfig.deployDirectory Deploying web application directory C:\Users\s124182\Downloads\camunda-bpm-tomcat-7.8.0\server\apache-tomcat-8.0.47\webapps\camunda
18-Feb-2018 20:39:05.826 INFO [localhost-startStop-1] org.apache.jasper.servlet.TldScanner.scanJars At least one JAR was scanned for TLDs yet contained no TLDs. Enable debug logging for this logger for a complete list of JARs that were scanned but no TLDs were found in them. Skipping unneeded JARs during scanning can improve startup time and JSP compilation time.
18-Feb-2018 20:39:06.721 INFO [localhost-startStop-1] org.apache.catalina.startup.HostConfig.deployDirectory Deployment of web application directory C:\Users\s124182\Downloads\camunda-bpm-tomcat-7.8.0\server\apache-tomcat-8.0.47\webapps\camunda has finished in 7,277 ms
18-Feb-2018 20:39:06.722 INFO [localhost-startStop-1] org.apache.catalina.startup.HostConfig.deployDirectory Deploying web application directory C:\Users\s124182\Downloads\camunda-bpm-tomcat-7.8.0\server\apache-tomcat-8.0.47\webapps\camunda-invoice
18-Feb-2018 20:39:09.820 INFO [localhost-startStop-1] org.camunda.commons.logging.BaseLogger.logInfo ENGINE-07015 Detected @ProcessApplication class 'org.camunda.bpm.example.invoice.InvoiceProcessApplication'
18-Feb-2018 20:39:09.866 INFO [localhost-startStop-1] org.apache.jasper.servlet.TldScanner.scanJars At least one JAR was scanned for TLDs yet contained no TLDs. Enable debug logging for this logger for a complete list of JARs that were scanned but no TLDs were found in them. Skipping unneeded JARs during scanning can improve startup time and JSP compilation time.
18-Feb-2018 20:39:09.874 INFO [localhost-startStop-1] org.camunda.commons.logging.BaseLogger.logInfo ENGINE-08024 Found processes.xml file at file:/C:/Users/s124182/Downloads/camunda-bpm-tomcat-7.8.0/server/apache-tomcat-8.0.47/webapps/camunda-invoice/WEB-INF/classes/META-INF/processes.xml
18-Feb-2018 20:39:10.566 INFO [localhost-startStop-1] org.camunda.commons.logging.BaseLogger.logInfo ENGINE-07021 ProcessApplication 'camunda-invoice' registered for DB deployments [63cfe202-14e3-11e8-93ff-b4b52f30bdbf]. Will execute process definitions 

        invoice[version: 1, id: invoice:1:63e761a6-14e3-11e8-93ff-b4b52f30bdbf]

Will execute case definitions 

        ReviewInvoiceCase[version: 1, id: ReviewInvoiceCase:1:641612c8-14e3-11e8-93ff-b4b52f30bdbf]

18-Feb-2018 20:39:10.580 INFO [localhost-startStop-1] org.camunda.commons.logging.BaseLogger.logInfo ENGINE-08023 Deployment summary for process archive 'camunda-invoice': 

        invoiceBusinessDecisions.dmn
        invoice.v2.bpmn
        review-invoice.cmmn

18-Feb-2018 20:39:10.695 INFO [localhost-startStop-1] org.camunda.commons.logging.BaseLogger.logInfo ENGINE-07021 ProcessApplication 'camunda-invoice' registered for DB deployments [63cfe202-14e3-11e8-93ff-b4b52f30bdbf, 6434be5c-14e3-11e8-93ff-b4b52f30bdbf]. Will execute process definitions 

        invoice[version: 1, id: invoice:1:63e761a6-14e3-11e8-93ff-b4b52f30bdbf]
        invoice[version: 2, id: invoice:2:643a1590-14e3-11e8-93ff-b4b52f30bdbf]

Will execute case definitions 

        ReviewInvoiceCase[version: 1, id: ReviewInvoiceCase:1:641612c8-14e3-11e8-93ff-b4b52f30bdbf]
        ReviewInvoiceCase[version: 2, id: ReviewInvoiceCase:2:643e3442-14e3-11e8-93ff-b4b52f30bdbf]

18-Feb-2018 20:39:10.709 INFO [localhost-startStop-1] org.camunda.commons.logging.BaseLogger.logInfo SPIN-01010 Discovered Spin data format provider: org.camunda.spin.impl.json.jackson.format.JacksonJsonDataFormatProvider[name = application/json]
18-Feb-2018 20:39:10.712 INFO [localhost-startStop-1] org.camunda.commons.logging.BaseLogger.logInfo SPIN-01010 Discovered Spin data format provider: org.camunda.spin.impl.xml.dom.format.DomXmlDataFormatProvider[name = application/xml]
18-Feb-2018 20:39:10.715 INFO [localhost-startStop-1] org.camunda.commons.logging.BaseLogger.logInfo SPIN-01009 Discovered Spin data format: org.camunda.spin.impl.xml.dom.format.DomXmlDataFormat[name = application/xml]
18-Feb-2018 20:39:10.715 INFO [localhost-startStop-1] org.camunda.commons.logging.BaseLogger.logInfo SPIN-01009 Discovered Spin data format: org.camunda.spin.impl.json.jackson.format.JacksonJsonDataFormat[name = application/json]
18-Feb-2018 20:39:10.732 INFO [localhost-startStop-1] org.camunda.bpm.example.invoice.DemoDataGenerator.createUsers Generating demo data for invoice showcase
18-Feb-2018 20:39:11.165 INFO [localhost-startStop-1] org.camunda.bpm.example.invoice.InvoiceProcessApplication.startProcessInstances Start 3 instances of Invoice Receipt, version 1
18-Feb-2018 20:39:12.659 INFO [localhost-startStop-1] org.camunda.bpm.example.invoice.service.NotifyCreditorService.execute 

  ... Now notifying creditor Bobby's Office Supplies


18-Feb-2018 20:39:12.890 INFO [localhost-startStop-1] org.camunda.bpm.example.invoice.InvoiceProcessApplication.startProcessInstances Start 3 instances of Invoice Receipt, version 2
18-Feb-2018 20:39:13.197 INFO [localhost-startStop-1] org.camunda.commons.logging.BaseLogger.logInfo ENGINE-08050 Process application camunda-invoice successfully deployed
18-Feb-2018 20:39:13.205 INFO [localhost-startStop-1] org.apache.catalina.startup.HostConfig.deployDirectory Deployment of web application directory C:\Users\s124182\Downloads\camunda-bpm-tomcat-7.8.0\server\apache-tomcat-8.0.47\webapps\camunda-invoice has finished in 6,482 ms
18-Feb-2018 20:39:13.205 INFO [localhost-startStop-1] org.apache.catalina.startup.HostConfig.deployDirectory Deploying web application directory C:\Users\s124182\Downloads\camunda-bpm-tomcat-7.8.0\server\apache-tomcat-8.0.47\webapps\camunda-welcome
18-Feb-2018 20:39:15.988 INFO [localhost-startStop-1] org.apache.jasper.servlet.TldScanner.scanJars At least one JAR was scanned for TLDs yet contained no TLDs. Enable debug logging for this logger for a complete list of JARs that were scanned but no TLDs were found in them. Skipping unneeded JARs during scanning can improve startup time and JSP compilation time.
18-Feb-2018 20:39:15.992 INFO [localhost-startStop-1] org.apache.catalina.startup.HostConfig.deployDirectory Deployment of web application directory C:\Users\s124182\Downloads\camunda-bpm-tomcat-7.8.0\server\apache-tomcat-8.0.47\webapps\camunda-welcome has finished in 2,787 ms
18-Feb-2018 20:39:15.992 INFO [localhost-startStop-1] org.apache.catalina.startup.HostConfig.deployDirectory Deploying web application directory C:\Users\s124182\Downloads\camunda-bpm-tomcat-7.8.0\server\apache-tomcat-8.0.47\webapps\docs
18-Feb-2018 20:39:18.746 INFO [localhost-startStop-1] org.apache.jasper.servlet.TldScanner.scanJars At least one JAR was scanned for TLDs yet contained no TLDs. Enable debug logging for this logger for a complete list of JARs that were scanned but no TLDs were found in them. Skipping unneeded JARs during scanning can improve startup time and JSP compilation time.
18-Feb-2018 20:39:18.750 INFO [localhost-startStop-1] org.apache.catalina.startup.HostConfig.deployDirectory Deployment of web application directory C:\Users\s124182\Downloads\camunda-bpm-tomcat-7.8.0\server\apache-tomcat-8.0.47\webapps\docs has finished in 2,757 ms
18-Feb-2018 20:39:18.750 INFO [localhost-startStop-1] org.apache.catalina.startup.HostConfig.deployDirectory Deploying web application directory C:\Users\s124182\Downloads\camunda-bpm-tomcat-7.8.0\server\apache-tomcat-8.0.47\webapps\engine-rest
18-Feb-2018 20:39:22.529 INFO [localhost-startStop-1] org.apache.jasper.servlet.TldScanner.scanJars At least one JAR was scanned for TLDs yet contained no TLDs. Enable debug logging for this logger for a complete list of JARs that were scanned but no TLDs were found in them. Skipping unneeded JARs during scanning can improve startup time and JSP compilation time.
18-Feb-2018 20:39:23.059 INFO [localhost-startStop-1] org.jboss.resteasy.logging.impl.Slf4jLogger.info Deploying javax.ws.rs.core.Application: class org.camunda.bpm.engine.rest.impl.application.DefaultApplication
18-Feb-2018 20:39:23.261 INFO [localhost-startStop-1] org.apache.catalina.startup.HostConfig.deployDirectory Deployment of web application directory C:\Users\s124182\Downloads\camunda-bpm-tomcat-7.8.0\server\apache-tomcat-8.0.47\webapps\engine-rest has finished in 4,511 ms
18-Feb-2018 20:39:23.261 INFO [localhost-startStop-1] org.apache.catalina.startup.HostConfig.deployDirectory Deploying web application directory C:\Users\s124182\Downloads\camunda-bpm-tomcat-7.8.0\server\apache-tomcat-8.0.47\webapps\examples
18-Feb-2018 20:39:31.163 INFO [localhost-startStop-1] org.apache.jasper.servlet.TldScanner.scanJars At least one JAR was scanned for TLDs yet contained no TLDs. Enable debug logging for this logger for a complete list of JARs that were scanned but no TLDs were found in them. Skipping unneeded JARs during scanning can improve startup time and JSP compilation time.
18-Feb-2018 20:39:32.072 INFO [localhost-startStop-1] org.apache.catalina.startup.HostConfig.deployDirectory Deployment of web application directory C:\Users\s124182\Downloads\camunda-bpm-tomcat-7.8.0\server\apache-tomcat-8.0.47\webapps\examples has finished in 8,811 ms
18-Feb-2018 20:39:32.074 INFO [localhost-startStop-1] org.apache.catalina.startup.HostConfig.deployDirectory Deploying web application directory C:\Users\s124182\Downloads\camunda-bpm-tomcat-7.8.0\server\apache-tomcat-8.0.47\webapps\h2
18-Feb-2018 20:39:35.458 INFO [localhost-startStop-1] org.apache.jasper.servlet.TldScanner.scanJars At least one JAR was scanned for TLDs yet contained no TLDs. Enable debug logging for this logger for a complete list of JARs that were scanned but no TLDs were found in them. Skipping unneeded JARs during scanning can improve startup time and JSP compilation time.
18-Feb-2018 20:39:35.467 INFO [localhost-startStop-1] org.apache.catalina.startup.HostConfig.deployDirectory Deployment of web application directory C:\Users\s124182\Downloads\camunda-bpm-tomcat-7.8.0\server\apache-tomcat-8.0.47\webapps\h2 has finished in 3,393 ms
18-Feb-2018 20:39:35.467 INFO [localhost-startStop-1] org.apache.catalina.startup.HostConfig.deployDirectory Deploying web application directory C:\Users\s124182\Downloads\camunda-bpm-tomcat-7.8.0\server\apache-tomcat-8.0.47\webapps\host-manager
18-Feb-2018 20:39:40.516 INFO [localhost-startStop-1] org.apache.jasper.servlet.TldScanner.scanJars At least one JAR was scanned for TLDs yet contained no TLDs. Enable debug logging for this logger for a complete list of JARs that were scanned but no TLDs were found in them. Skipping unneeded JARs during scanning can improve startup time and JSP compilation time.
18-Feb-2018 20:39:40.522 INFO [localhost-startStop-1] org.apache.catalina.startup.HostConfig.deployDirectory Deployment of web application directory C:\Users\s124182\Downloads\camunda-bpm-tomcat-7.8.0\server\apache-tomcat-8.0.47\webapps\host-manager has finished in 5,055 ms
18-Feb-2018 20:39:40.523 INFO [localhost-startStop-1] org.apache.catalina.startup.HostConfig.deployDirectory Deploying web application directory C:\Users\s124182\Downloads\camunda-bpm-tomcat-7.8.0\server\apache-tomcat-8.0.47\webapps\manager
18-Feb-2018 20:39:43.728 INFO [localhost-startStop-1] org.apache.jasper.servlet.TldScanner.scanJars At least one JAR was scanned for TLDs yet contained no TLDs. Enable debug logging for this logger for a complete list of JARs that were scanned but no TLDs were found in them. Skipping unneeded JARs during scanning can improve startup time and JSP compilation time.
18-Feb-2018 20:39:43.732 INFO [localhost-startStop-1] org.apache.catalina.startup.HostConfig.deployDirectory Deployment of web application directory C:\Users\s124182\Downloads\camunda-bpm-tomcat-7.8.0\server\apache-tomcat-8.0.47\webapps\manager has finished in 3,209 ms
18-Feb-2018 20:39:43.733 INFO [localhost-startStop-1] org.apache.catalina.startup.HostConfig.deployDirectory Deploying web application directory C:\Users\s124182\Downloads\camunda-bpm-tomcat-7.8.0\server\apache-tomcat-8.0.47\webapps\ROOT
18-Feb-2018 20:39:47.759 INFO [localhost-startStop-1] org.apache.jasper.servlet.TldScanner.scanJars At least one JAR was scanned for TLDs yet contained no TLDs. Enable debug logging for this logger for a complete list of JARs that were scanned but no TLDs were found in them. Skipping unneeded JARs during scanning can improve startup time and JSP compilation time.
18-Feb-2018 20:39:47.764 INFO [localhost-startStop-1] org.apache.catalina.startup.HostConfig.deployDirectory Deployment of web application directory C:\Users\s124182\Downloads\camunda-bpm-tomcat-7.8.0\server\apache-tomcat-8.0.47\webapps\ROOT has finished in 4,030 ms
18-Feb-2018 20:39:47.768 INFO [main] org.apache.coyote.AbstractProtocol.start Starting ProtocolHandler ["http-nio-8080"]
18-Feb-2018 20:39:47.780 INFO [main] org.apache.coyote.AbstractProtocol.start Starting ProtocolHandler ["ajp-nio-8009"]
18-Feb-2018 20:39:47.785 INFO [main] org.apache.catalina.startup.Catalina.start Server startup in 55049 ms
